No successor
ba
acb
abdc
abced
abcdfe
abcdegf
abcdefhg
abcdefgih
abcdefghji
abcdefghikj
abcdefghijlk
abcdefghijkml
abcdefghijklnm
abcdefghijklmon
abcdefghijklmnpo
abcdefghijklmnoqp
abcdefghijklmnoprq
abcdefghijklmnopqsr
abcdefghijklmnopqrts
abcdefghijklmnopqrsut
abcdefghijklmnopqrstvu
abcdefghijklmnopqrstuwv
abcdefghijklmnopqrstuvxw
abcdefghijklmnopqrstuvwyx
abcdefghijklmnopqrstuvwxzy
No successor
No successor
No successor
No successor
No successor
No successor
No successor
No successor
No successor
No successor
No successor
No successor
No successor
No successor
No successor
No successor
No successor
No successor
No successor
No successor
No successor
No successor
No successor
No successor
No successor
No successor
ghghgi
No successor
fsdhfuhsdfadsfhsdjklffahdfadfhasdfhklfsdhulfasdhf
iddfsdfjsdfisdjfsdifniwiowidwwd
aaaaaaaaaaaaaaaaaaaaaaaaaaaaaaaaaaaaaaaaaaaaaza
No successor
No successor
No successor
No successor
qwertyuiopasdfghjklzxcvmbn
qazwsxedcrfvtgbyhnujmikopl
puytrewqlkjhgfdsamnbvczx
jchjchdhsdhdchxcj
whatislovebabydonthurtmenomreo
icomefromthelandoftheiceandsnwo
sobuildmeupbuttercupdontbreakmyheeeeaaaatr
oll
